<?xml version="1.0" encoding="UTF-8"?>
<testng-results ignored="0" total="4" passed="4" failed="0" skipped="0">
  <reporter-output>
  </reporter-output>
  <suite started-at="2024-06-02T19:45:34 CEST" name="General xml hierarchy Suite" finished-at="2024-06-02T19:45:52 CEST" duration-ms="17948">
    <groups>
      <group name="regression">
        <method signature="TC_001_AccountRegistrationTest.verifyAccountRegistration()[pri:0, instance:testCases.TC_001_AccountRegistrationTest@7e057f43]" name="verifyAccountRegistration" class="testCases.TC_001_AccountRegistrationTest"/>
      </group> <!-- regression -->
      <group name="sanity">
        <method signature="TC_002_LoginTest.verifyLogin()[pri:0, instance:testCases.TC_002_LoginTest@7c137fd5]" name="verifyLogin" class="testCases.TC_002_LoginTest"/>
      </group> <!-- sanity -->
      <group name="master">
        <method signature="TC_001_AccountRegistrationTest.verifyAccountRegistration()[pri:0, instance:testCases.TC_001_AccountRegistrationTest@7e057f43]" name="verifyAccountRegistration" class="testCases.TC_001_AccountRegistrationTest"/>
        <method signature="TC_002_LoginTest.verifyLogin()[pri:0, instance:testCases.TC_002_LoginTest@7c137fd5]" name="verifyLogin" class="testCases.TC_002_LoginTest"/>
      </group> <!-- master -->
    </groups>
    <test started-at="2024-06-02T19:45:34 CEST" name="gridTest" finished-at="2024-06-02T19:45:52 CEST" duration-ms="17948">
      <class name="testCases.TC_001_AccountRegistrationTest">
        <test-method is-config="true" signature="setup(java.lang.String,java.lang.String)[pri:0, instance:testCases.TC_001_AccountRegistrationTest@7e057f43]" started-at="2024-06-02T19:45:35 CEST" name="setup" finished-at="2024-06-02T19:45:39 CEST" duration-ms="4166" status="PASS">
          <params>
            <param index="0">
              <value>
                <![CDATA[Windows]]>
              </value>
            </param>
            <param index="1">
              <value>
                <![CDATA[chrome]]>
              </value>
            </param>
          </params>
          <reporter-output>
          </reporter-output>
        </test-method> <!-- setup -->
        <test-method signature="verifyAccountRegistration()[pri:0, instance:testCases.TC_001_AccountRegistrationTest@7e057f43]" started-at="2024-06-02T19:45:39 CEST" name="verifyAccountRegistration" finished-at="2024-06-02T19:45:47 CEST" duration-ms="7899" status="PASS">
          <reporter-output>
          </reporter-output>
        </test-method> <!-- verifyAccountRegistration -->
        <test-method is-config="true" signature="tearDown()[pri:0, instance:testCases.TC_001_AccountRegistrationTest@7e057f43]" started-at="2024-06-02T19:45:47 CEST" name="tearDown" finished-at="2024-06-02T19:45:47 CEST" duration-ms="343" status="PASS">
          <reporter-output>
          </reporter-output>
        </test-method> <!-- tearDown -->
      </class> <!-- testCases.TC_001_AccountRegistrationTest -->
      <class name="testCases.TC_002_LoginTest">
        <test-method is-config="true" signature="setup(java.lang.String,java.lang.String)[pri:0, instance:testCases.TC_002_LoginTest@7c137fd5]" started-at="2024-06-02T19:45:47 CEST" name="setup" finished-at="2024-06-02T19:45:50 CEST" duration-ms="2432" status="PASS">
          <params>
            <param index="0">
              <value>
                <![CDATA[Windows]]>
              </value>
            </param>
            <param index="1">
              <value>
                <![CDATA[chrome]]>
              </value>
            </param>
          </params>
          <reporter-output>
          </reporter-output>
        </test-method> <!-- setup -->
        <test-method signature="verifyLogin()[pri:0, instance:testCases.TC_002_LoginTest@7c137fd5]" started-at="2024-06-02T19:45:50 CEST" name="verifyLogin" finished-at="2024-06-02T19:45:52 CEST" duration-ms="2267" status="PASS">
          <reporter-output>
          </reporter-output>
        </test-method> <!-- verifyLogin -->
        <test-method is-config="true" signature="tearDown()[pri:0, instance:testCases.TC_002_LoginTest@7c137fd5]" started-at="2024-06-02T19:45:52 CEST" name="tearDown" finished-at="2024-06-02T19:45:52 CEST" duration-ms="344" status="PASS">
          <reporter-output>
          </reporter-output>
        </test-method> <!-- tearDown -->
      </class> <!-- testCases.TC_002_LoginTest -->
    </test> <!-- gridTest -->
  </suite> <!-- General xml hierarchy Suite -->
  <suite started-at="2024-06-02T19:45:54 CEST" name="All Test Suite" finished-at="2024-06-02T19:46:10 CEST" duration-ms="16249">
    <groups>
      <group name="regression">
        <method signature="TC_001_AccountRegistrationTest.verifyAccountRegistration()[pri:0, instance:testCases.TC_001_AccountRegistrationTest@4201c465]" name="verifyAccountRegistration" class="testCases.TC_001_AccountRegistrationTest"/>
      </group> <!-- regression -->
      <group name="sanity">
        <method signature="TC_002_LoginTest.verifyLogin()[pri:0, instance:testCases.TC_002_LoginTest@5b799640]" name="verifyLogin" class="testCases.TC_002_LoginTest"/>
      </group> <!-- sanity -->
      <group name="master">
        <method signature="TC_001_AccountRegistrationTest.verifyAccountRegistration()[pri:0, instance:testCases.TC_001_AccountRegistrationTest@4201c465]" name="verifyAccountRegistration" class="testCases.TC_001_AccountRegistrationTest"/>
        <method signature="TC_002_LoginTest.verifyLogin()[pri:0, instance:testCases.TC_002_LoginTest@5b799640]" name="verifyLogin" class="testCases.TC_002_LoginTest"/>
      </group> <!-- master -->
    </groups>
    <test started-at="2024-06-02T19:45:54 CEST" name="Opencart_RegistrationTest" finished-at="2024-06-02T19:46:10 CEST" duration-ms="16249">
      <class name="testCases.TC_001_AccountRegistrationTest">
        <test-method is-config="true" signature="setup(java.lang.String,java.lang.String)[pri:0, instance:testCases.TC_001_AccountRegistrationTest@4201c465]" started-at="2024-06-02T19:45:54 CEST" name="setup" finished-at="2024-06-02T19:45:57 CEST" duration-ms="3002" status="PASS">
          <params>
            <param index="0">
              <value>
                <![CDATA[windows]]>
              </value>
            </param>
            <param index="1">
              <value>
                <![CDATA[chrome]]>
              </value>
            </param>
          </params>
          <reporter-output>
          </reporter-output>
        </test-method> <!-- setup -->
        <test-method signature="verifyAccountRegistration()[pri:0, instance:testCases.TC_001_AccountRegistrationTest@4201c465]" started-at="2024-06-02T19:45:57 CEST" name="verifyAccountRegistration" finished-at="2024-06-02T19:46:05 CEST" duration-ms="8066" status="PASS">
          <reporter-output>
          </reporter-output>
        </test-method> <!-- verifyAccountRegistration -->
        <test-method is-config="true" signature="tearDown()[pri:0, instance:testCases.TC_001_AccountRegistrationTest@4201c465]" started-at="2024-06-02T19:46:05 CEST" name="tearDown" finished-at="2024-06-02T19:46:05 CEST" duration-ms="313" status="PASS">
          <reporter-output>
          </reporter-output>
        </test-method> <!-- tearDown -->
      </class> <!-- testCases.TC_001_AccountRegistrationTest -->
      <class name="testCases.TC_002_LoginTest">
        <test-method is-config="true" signature="setup(java.lang.String,java.lang.String)[pri:0, instance:testCases.TC_002_LoginTest@5b799640]" started-at="2024-06-02T19:46:05 CEST" name="setup" finished-at="2024-06-02T19:46:07 CEST" duration-ms="2338" status="PASS">
          <params>
            <param index="0">
              <value>
                <![CDATA[windows]]>
              </value>
            </param>
            <param index="1">
              <value>
                <![CDATA[chrome]]>
              </value>
            </param>
          </params>
          <reporter-output>
          </reporter-output>
        </test-method> <!-- setup -->
        <test-method signature="verifyLogin()[pri:0, instance:testCases.TC_002_LoginTest@5b799640]" started-at="2024-06-02T19:46:07 CEST" name="verifyLogin" finished-at="2024-06-02T19:46:10 CEST" duration-ms="2221" status="PASS">
          <reporter-output>
          </reporter-output>
        </test-method> <!-- verifyLogin -->
        <test-method is-config="true" signature="tearDown()[pri:0, instance:testCases.TC_002_LoginTest@5b799640]" started-at="2024-06-02T19:46:10 CEST" name="tearDown" finished-at="2024-06-02T19:46:10 CEST" duration-ms="306" status="PASS">
          <reporter-output>
          </reporter-output>
        </test-method> <!-- tearDown -->
      </class> <!-- testCases.TC_002_LoginTest -->
    </test> <!-- Opencart_RegistrationTest -->
  </suite> <!-- All Test Suite -->
</testng-results>
