<?xml version="1.0" encoding="UTF-8"?>
<!-- Generated by org.testng.reporters.JUnitXMLReporter -->
<testsuite ignored="0" hostname="LAPTOP-LV3IOOVT" failures="0" tests="2" name="Opencart_RegistrationTest" time="16.249" errors="0" timestamp="2024-06-02T19:46:10 CEST">
  <testcase classname="testCases.TC_001_AccountRegistrationTest" name="verifyAccountRegistration" time="8.066"/>
  <testcase classname="testCases.TC_002_LoginTest" name="verifyLogin" time="2.221"/>
</testsuite> <!-- Opencart_RegistrationTest -->
